<?xml version="1.0" encoding="UTF-8"?>
<testng-results skipped="0" failed="0" ignored="0" total="1" passed="1">
  <reporter-output>
  </reporter-output>
  <suite name="com.MavenPractice.MavenPractice.TestRun" duration-ms="12907" started-at="2020-02-15T10:46:01Z" finished-at="2020-02-15T10:46:14Z">
    <groups>
    </groups>
    <test name="Command line test" duration-ms="12907" started-at="2020-02-15T10:46:01Z" finished-at="2020-02-15T10:46:14Z">
      <class name="com.MavenPractice.MavenPractice.TestRun">
        <test-method status="PASS" signature="TestApplication()[pri:0, instance:com.MavenPractice.MavenPractice.TestRun@6b143ee9]" name="TestApplication" duration-ms="12814" started-at="2020-02-15T10:46:01Z" finished-at="2020-02-15T10:46:14Z">
          <reporter-output>
          </reporter-output>
        </test-method> <!-- TestApplication -->
      </class> <!-- com.MavenPractice.MavenPractice.TestRun -->
    </test> <!-- Command line test -->
  </suite> <!-- com.MavenPractice.MavenPractice.TestRun -->
</testng-results>
